reservation.html:639 Uncaught TypeError: Cannot read properties of null (reading 'addEventListener')
    at reservation.html:639:44
    at reservation.html:1826:3
reservation.html:1 Unsafe attempt to load URL file:///C:/Users/MH%20Studios/Desktop/Danah%20Travel/reservation.html from frame with URL file:///C:/Users/MH%20Studios/Desktop/Danah%20Travel/reservation.html. 'file:' URLs are treated as unique security origins.

reservation.html:52 Uncaught ReferenceError: switchLang is not defined
    at HTMLDivElement.onclick (reservation.html:52:227)
onclick @ reservation.html:52
Navigated to file:///C:/Users/MH%20Studios/Desktop/Danah%20Travel/reservation.html
reservation.html:299 {nlBtn: button.nl-btn, tslider: null, lightbox: null, statNum: null}
reservation.html:646 Uncaught TypeError: Cannot read properties of null (reading 'addEventListener')
    at reservation.html:646:44
    at reservation.html:1832:3
(anonymous) @ reservation.html:646
(anonymous) @ reservation.html:1832
reservation.html:49 Uncaught ReferenceError: switchLang is not defined
    at HTMLDivElement.onclick (reservation.html:49:228)
onclick @ reservation.html:49
reservation.html:52 Uncaught ReferenceError: switchLang is not defined
    at HTMLDivElement.onclick (reservation.html:52:227)
onclick @ reservation.html:52
